== empty.cct ==
Decompiled Macromedia Director MX 2004 (10.0#188) cast /home/alex/Downloads/r26_20080915_0408_7984_61ccb5f8b8797a3aba62c1fa2ca80169/empty.cct to /opt/git/v26_assets/projectorrays_lingo/empty.cst
== fuse_client.cct ==
Decompiled Macromedia Director MX 2004 (10.0#188) cast /home/alex/Downloads/r26_20080915_0408_7984_61ccb5f8b8797a3aba62c1fa2ca80169/fuse_client.cct to /opt/git/v26_assets/projectorrays_lingo/fuse_client.cst
== habbo.dcr ==
Decompiled Macromedia Director MX 2004 (10.1#11) movie /home/alex/Downloads/r26_20080915_0408_7984_61ccb5f8b8797a3aba62c1fa2ca80169/habbo.dcr to /opt/git/v26_assets/projectorrays_lingo/habbo.dir
== hh_badges.cct ==
Decompiled Macromedia Director MX 2004 (10.0#188) cast /home/alex/Downloads/r26_20080915_0408_7984_61ccb5f8b8797a3aba62c1fa2ca80169/hh_badges.cct to /opt/git/v26_assets/projectorrays_lingo/hh_badges.cst
== hh_bbinterface.cct ==
Decompiled Macromedia Director MX 2004 (10.0#188) cast /home/alex/Downloads/r26_20080915_0408_7984_61ccb5f8b8797a3aba62c1fa2ca80169/hh_bbinterface.cct to /opt/git/v26_assets/projectorrays_lingo/hh_bbinterface.cst
== hh_buffer.cct ==
Decompiled Macromedia Director MX 2004 (10.0#188) cast /home/alex/Downloads/r26_20080915_0408_7984_61ccb5f8b8797a3aba62c1fa2ca80169/hh_buffer.cct to /opt/git/v26_assets/projectorrays_lingo/hh_buffer.cst
== hh_cat_code.cct ==
Decompiled Macromedia Director MX 2004 (10.0#188) cast /home/alex/Downloads/r26_20080915_0408_7984_61ccb5f8b8797a3aba62c1fa2ca80169/hh_cat_code.cct to /opt/git/v26_assets/projectorrays_lingo/hh_cat_code.cst
== hh_cat_gfx_all.cct ==
Decompiled Macromedia Director MX 2004 (10.0#188) cast /home/alex/Downloads/r26_20080915_0408_7984_61ccb5f8b8797a3aba62c1fa2ca80169/hh_cat_gfx_all.cct to /opt/git/v26_assets/projectorrays_lingo/hh_cat_gfx_all.cst
== hh_cat_new.cct ==
Decompiled Macromedia Director MX 2004 (10.0#188) cast /home/alex/Downloads/r26_20080915_0408_7984_61ccb5f8b8797a3aba62c1fa2ca80169/hh_cat_new.cct to /opt/git/v26_assets/projectorrays_lingo/hh_cat_new.cst
== hh_club.cct ==
Decompiled Macromedia Director MX 2004 (10.0#188) cast /home/alex/Downloads/r26_20080915_0408_7984_61ccb5f8b8797a3aba62c1fa2ca80169/hh_club.cct to /opt/git/v26_assets/projectorrays_lingo/hh_club.cst
== hh_dynamic_downloader.cct ==
Decompiled Macromedia Director MX 2004 (10.0#188) cast /home/alex/Downloads/r26_20080915_0408_7984_61ccb5f8b8797a3aba62c1fa2ca80169/hh_dynamic_downloader.cct to /opt/git/v26_assets/projectorrays_lingo/hh_dynamic_downloader.cst
== hh_entry.cct ==
Decompiled Macromedia Director MX 2004 (10.0#188) cast /home/alex/Downloads/r26_20080915_0408_7984_61ccb5f8b8797a3aba62c1fa2ca80169/hh_entry.cct to /opt/git/v26_assets/projectorrays_lingo/hh_entry.cst
== hh_entry_at.cct ==
Decompiled Macromedia Director MX 2004 (10.0#188) cast /home/alex/Downloads/r26_20080915_0408_7984_61ccb5f8b8797a3aba62c1fa2ca80169/hh_entry_at.cct to /opt/git/v26_assets/projectorrays_lingo/hh_entry_at.cst
== hh_entry_au.cct ==
Decompiled Macromedia Director MX 2004 (10.0#188) cast /home/alex/Downloads/r26_20080915_0408_7984_61ccb5f8b8797a3aba62c1fa2ca80169/hh_entry_au.cct to /opt/git/v26_assets/projectorrays_lingo/hh_entry_au.cst
== hh_entry_base.cct ==
Decompiled Macromedia Director MX 2004 (10.0#188) cast /home/alex/Downloads/r26_20080915_0408_7984_61ccb5f8b8797a3aba62c1fa2ca80169/hh_entry_base.cct to /opt/git/v26_assets/projectorrays_lingo/hh_entry_base.cst
== hh_entry_br.cct ==
Decompiled Macromedia Director MX 2004 (10.0#188) cast /home/alex/Downloads/r26_20080915_0408_7984_61ccb5f8b8797a3aba62c1fa2ca80169/hh_entry_br.cct to /opt/git/v26_assets/projectorrays_lingo/hh_entry_br.cst
== hh_entry_ca.cct ==
Decompiled Macromedia Director MX 2004 (10.0#188) cast /home/alex/Downloads/r26_20080915_0408_7984_61ccb5f8b8797a3aba62c1fa2ca80169/hh_entry_ca.cct to /opt/git/v26_assets/projectorrays_lingo/hh_entry_ca.cst
== hh_entry_ch.cct ==
Decompiled Macromedia Director MX 2004 (10.0#188) cast /home/alex/Downloads/r26_20080915_0408_7984_61ccb5f8b8797a3aba62c1fa2ca80169/hh_entry_ch.cct to /opt/git/v26_assets/projectorrays_lingo/hh_entry_ch.cst
== hh_entry_cn.cct ==
Decompiled Macromedia Director MX 2004 (10.0#188) cast /home/alex/Downloads/r26_20080915_0408_7984_61ccb5f8b8797a3aba62c1fa2ca80169/hh_entry_cn.cct to /opt/git/v26_assets/projectorrays_lingo/hh_entry_cn.cst
== hh_entry_de.cct ==
Decompiled Macromedia Director MX 2004 (10.0#188) cast /home/alex/Downloads/r26_20080915_0408_7984_61ccb5f8b8797a3aba62c1fa2ca80169/hh_entry_de.cct to /opt/git/v26_assets/projectorrays_lingo/hh_entry_de.cst
== hh_entry_dk.cct ==
Decompiled Macromedia Director MX 2004 (10.0#188) cast /home/alex/Downloads/r26_20080915_0408_7984_61ccb5f8b8797a3aba62c1fa2ca80169/hh_entry_dk.cct to /opt/git/v26_assets/projectorrays_lingo/hh_entry_dk.cst
== hh_entry_es.cct ==
Decompiled Macromedia Director MX 2004 (10.0#188) cast /home/alex/Downloads/r26_20080915_0408_7984_61ccb5f8b8797a3aba62c1fa2ca80169/hh_entry_es.cct to /opt/git/v26_assets/projectorrays_lingo/hh_entry_es.cst
== hh_entry_fi.cct ==
Decompiled Macromedia Director MX 2004 (10.0#188) cast /home/alex/Downloads/r26_20080915_0408_7984_61ccb5f8b8797a3aba62c1fa2ca80169/hh_entry_fi.cct to /opt/git/v26_assets/projectorrays_lingo/hh_entry_fi.cst
== hh_entry_fr.cct ==
Decompiled Macromedia Director MX 2004 (10.0#188) cast /home/alex/Downloads/r26_20080915_0408_7984_61ccb5f8b8797a3aba62c1fa2ca80169/hh_entry_fr.cct to /opt/git/v26_assets/projectorrays_lingo/hh_entry_fr.cst
== hh_entry_init.cct ==
Decompiled Macromedia Director MX 2004 (10.0#188) cast /home/alex/Downloads/r26_20080915_0408_7984_61ccb5f8b8797a3aba62c1fa2ca80169/hh_entry_init.cct to /opt/git/v26_assets/projectorrays_lingo/hh_entry_init.cst
== hh_entry_it.cct ==
Decompiled Macromedia Director MX 2004 (10.0#188) cast /home/alex/Downloads/r26_20080915_0408_7984_61ccb5f8b8797a3aba62c1fa2ca80169/hh_entry_it.cct to /opt/git/v26_assets/projectorrays_lingo/hh_entry_it.cst
== hh_entry_jp.cct ==
Decompiled Macromedia Director MX 2004 (10.0#188) cast /home/alex/Downloads/r26_20080915_0408_7984_61ccb5f8b8797a3aba62c1fa2ca80169/hh_entry_jp.cct to /opt/git/v26_assets/projectorrays_lingo/hh_entry_jp.cst
== hh_entry_legionex.cct ==
Decompiled Macromedia Director MX 2004 (10.1#11) cast /home/alex/Downloads/r26_20080915_0408_7984_61ccb5f8b8797a3aba62c1fa2ca80169/hh_entry_legionex.cct to /opt/git/v26_assets/projectorrays_lingo/hh_entry_legionex.cst
== hh_entry_nl.cct ==
Decompiled Macromedia Director MX 2004 (10.0#188) cast /home/alex/Downloads/r26_20080915_0408_7984_61ccb5f8b8797a3aba62c1fa2ca80169/hh_entry_nl.cct to /opt/git/v26_assets/projectorrays_lingo/hh_entry_nl.cst
== hh_entry_no.cct ==
Decompiled Macromedia Director MX 2004 (10.0#188) cast /home/alex/Downloads/r26_20080915_0408_7984_61ccb5f8b8797a3aba62c1fa2ca80169/hh_entry_no.cct to /opt/git/v26_assets/projectorrays_lingo/hh_entry_no.cst
== hh_entry_oc2.cct ==
Decompiled Macromedia Director MX 2004 (10.1#11) cast /home/alex/Downloads/r26_20080915_0408_7984_61ccb5f8b8797a3aba62c1fa2ca80169/hh_entry_oc2.cct to /opt/git/v26_assets/projectorrays_lingo/hh_entry_oc2.cst
== hh_entry_pl.cct ==
Decompiled Macromedia Director MX 2004 (10.0#188) cast /home/alex/Downloads/r26_20080915_0408_7984_61ccb5f8b8797a3aba62c1fa2ca80169/hh_entry_pl.cct to /opt/git/v26_assets/projectorrays_lingo/hh_entry_pl.cst
== hh_entry_ru.cct ==
Decompiled Macromedia Director MX 2004 (10.0#188) cast /home/alex/Downloads/r26_20080915_0408_7984_61ccb5f8b8797a3aba62c1fa2ca80169/hh_entry_ru.cct to /opt/git/v26_assets/projectorrays_lingo/hh_entry_ru.cst
== hh_entry_se.cct ==
Decompiled Macromedia Director MX 2004 (10.0#188) cast /home/alex/Downloads/r26_20080915_0408_7984_61ccb5f8b8797a3aba62c1fa2ca80169/hh_entry_se.cct to /opt/git/v26_assets/projectorrays_lingo/hh_entry_se.cst
== hh_entry_sg.cct ==
Decompiled Macromedia Director MX 2004 (10.0#188) cast /home/alex/Downloads/r26_20080915_0408_7984_61ccb5f8b8797a3aba62c1fa2ca80169/hh_entry_sg.cct to /opt/git/v26_assets/projectorrays_lingo/hh_entry_sg.cst
== hh_entry_uk.cct ==
Decompiled Macromedia Director MX 2004 (10.0#188) cast /home/alex/Downloads/r26_20080915_0408_7984_61ccb5f8b8797a3aba62c1fa2ca80169/hh_entry_uk.cct to /opt/git/v26_assets/projectorrays_lingo/hh_entry_uk.cst
== hh_entry_uk_dead_wide.cct ==
Decompiled Macromedia Director MX 2004 (10.0) movie /home/alex/Downloads/r26_20080915_0408_7984_61ccb5f8b8797a3aba62c1fa2ca80169/hh_entry_uk_dead_wide.cct to /opt/git/v26_assets/projectorrays_lingo/hh_entry_uk_dead_wide.dir
== hh_entry_us.cct ==
Decompiled Macromedia Director MX 2004 (10.0#188) cast /home/alex/Downloads/r26_20080915_0408_7984_61ccb5f8b8797a3aba62c1fa2ca80169/hh_entry_us.cct to /opt/git/v26_assets/projectorrays_lingo/hh_entry_us.cst
== hh_friend_list.cct ==
Decompiled Macromedia Director MX 2004 (10.0#188) cast /home/alex/Downloads/r26_20080915_0408_7984_61ccb5f8b8797a3aba62c1fa2ca80169/hh_friend_list.cct to /opt/git/v26_assets/projectorrays_lingo/hh_friend_list.cst
== hh_furni_armas.cct ==
Codec unsupported: E HT
FAILED hh_furni_armas.cct
== hh_furni_armas_50.cct ==
Codec unsupported: E HT
FAILED hh_furni_armas_50.cct
== hh_furni_classes.cct ==
Decompiled Macromedia Director MX 2004 (10.0#188) cast /home/alex/Downloads/r26_20080915_0408_7984_61ccb5f8b8797a3aba62c1fa2ca80169/hh_furni_classes.cct to /opt/git/v26_assets/projectorrays_lingo/hh_furni_classes.cst
== hh_furni_drken.cct ==
Codec unsupported: E HT
FAILED hh_furni_drken.cct
== hh_furni_drken_50.cct ==
Codec unsupported: E HT
FAILED hh_furni_drken_50.cct
== hh_furni_items.cct ==
Codec unsupported: E HT
FAILED hh_furni_items.cct
== hh_furni_items_50.cct ==
Codec unsupported: E HT
FAILED hh_furni_items_50.cct
== hh_furni_small.cct ==
Codec unsupported: E HT
FAILED hh_furni_small.cct
== hh_furni_special.cct ==
Codec unsupported: E HT
FAILED hh_furni_special.cct
== hh_furni_special_50.cct ==
Codec unsupported: E HT
FAILED hh_furni_special_50.cct
== hh_furni_xx_ads_1800tele.cct ==
Decompiled Macromedia Director MX 2004 (10.1#11) cast /home/alex/Downloads/r26_20080915_0408_7984_61ccb5f8b8797a3aba62c1fa2ca80169/hh_furni_xx_ads_1800tele.cct to /opt/git/v26_assets/projectorrays_lingo/hh_furni_xx_ads_1800tele.cst
== hh_furni_xx_ads_mall_winclo.cct ==
Decompiled Macromedia Director MX 2004 (10.1#11) cast /home/alex/Downloads/r26_20080915_0408_7984_61ccb5f8b8797a3aba62c1fa2ca80169/hh_furni_xx_ads_mall_winclo.cct to /opt/git/v26_assets/projectorrays_lingo/hh_furni_xx_ads_mall_winclo.cst
== hh_furni_xx_halloween_throne.cct ==
Decompiled Macromedia Director MX 2004 (10.1#11) cast /home/alex/Downloads/r26_20080915_0408_7984_61ccb5f8b8797a3aba62c1fa2ca80169/hh_furni_xx_halloween_throne.cct to /opt/git/v26_assets/projectorrays_lingo/hh_furni_xx_halloween_throne.cst
== hh_furni_xx_ktchn_bBlock.cct ==
Decompiled Macromedia Director MX 2004 (10.1#11) cast /home/alex/Downloads/r26_20080915_0408_7984_61ccb5f8b8797a3aba62c1fa2ca80169/hh_furni_xx_ktchn_bBlock.cct to /opt/git/v26_assets/projectorrays_lingo/hh_furni_xx_ktchn_bBlock.cst
== hh_furni_xx_ktchn_cornr.cct ==
Decompiled Macromedia Director MX 2004 (10.1#11) cast /home/alex/Downloads/r26_20080915_0408_7984_61ccb5f8b8797a3aba62c1fa2ca80169/hh_furni_xx_ktchn_cornr.cct to /opt/git/v26_assets/projectorrays_lingo/hh_furni_xx_ktchn_cornr.cst
== hh_furni_xx_ktchn_countr_1.cct ==
Decompiled Macromedia Director MX 2004 (10.1#11) cast /home/alex/Downloads/r26_20080915_0408_7984_61ccb5f8b8797a3aba62c1fa2ca80169/hh_furni_xx_ktchn_countr_1.cct to /opt/git/v26_assets/projectorrays_lingo/hh_furni_xx_ktchn_countr_1.cst
== hh_furni_xx_ktchn_countr_2.cct ==
Decompiled Macromedia Director MX 2004 (10.1#11) cast /home/alex/Downloads/r26_20080915_0408_7984_61ccb5f8b8797a3aba62c1fa2ca80169/hh_furni_xx_ktchn_countr_2.cct to /opt/git/v26_assets/projectorrays_lingo/hh_furni_xx_ktchn_countr_2.cst
== hh_furni_xx_ktchn_desk.cct ==
Decompiled Macromedia Director MX 2004 (10.1#11) cast /home/alex/Downloads/r26_20080915_0408_7984_61ccb5f8b8797a3aba62c1fa2ca80169/hh_furni_xx_ktchn_desk.cct to /opt/git/v26_assets/projectorrays_lingo/hh_furni_xx_ktchn_desk.cst
== hh_furni_xx_ktchn_dvdr.cct ==
Decompiled Macromedia Director MX 2004 (10.1#11) cast /home/alex/Downloads/r26_20080915_0408_7984_61ccb5f8b8797a3aba62c1fa2ca80169/hh_furni_xx_ktchn_dvdr.cct to /opt/git/v26_assets/projectorrays_lingo/hh_furni_xx_ktchn_dvdr.cst
== hh_furni_xx_ktchn_fridge.cct ==
Decompiled Macromedia Director MX 2004 (10.1#11) cast /home/alex/Downloads/r26_20080915_0408_7984_61ccb5f8b8797a3aba62c1fa2ca80169/hh_furni_xx_ktchn_fridge.cct to /opt/git/v26_assets/projectorrays_lingo/hh_furni_xx_ktchn_fridge.cst
== hh_furni_xx_ktchn_gate.cct ==
Decompiled Macromedia Director MX 2004 (10.1#11) cast /home/alex/Downloads/r26_20080915_0408_7984_61ccb5f8b8797a3aba62c1fa2ca80169/hh_furni_xx_ktchn_gate.cct to /opt/git/v26_assets/projectorrays_lingo/hh_furni_xx_ktchn_gate.cst
== hh_furni_xx_ktchn_inspctr.cct ==
Decompiled Macromedia Director MX 2004 (10.1#11) cast /home/alex/Downloads/r26_20080915_0408_7984_61ccb5f8b8797a3aba62c1fa2ca80169/hh_furni_xx_ktchn_inspctr.cct to /opt/git/v26_assets/projectorrays_lingo/hh_furni_xx_ktchn_inspctr.cst
== hh_furni_xx_ktchn_knives.cct ==
Decompiled Macromedia Director MX 2004 (10.1#11) cast /home/alex/Downloads/r26_20080915_0408_7984_61ccb5f8b8797a3aba62c1fa2ca80169/hh_furni_xx_ktchn_knives.cct to /opt/git/v26_assets/projectorrays_lingo/hh_furni_xx_ktchn_knives.cst
== hh_furni_xx_ktchn_light.cct ==
Decompiled Macromedia Director MX 2004 (10.1#11) cast /home/alex/Downloads/r26_20080915_0408_7984_61ccb5f8b8797a3aba62c1fa2ca80169/hh_furni_xx_ktchn_light.cct to /opt/git/v26_assets/projectorrays_lingo/hh_furni_xx_ktchn_light.cst
== hh_furni_xx_ktchn_oven.cct ==
Decompiled Macromedia Director MX 2004 (10.1#11) cast /home/alex/Downloads/r26_20080915_0408_7984_61ccb5f8b8797a3aba62c1fa2ca80169/hh_furni_xx_ktchn_oven.cct to /opt/git/v26_assets/projectorrays_lingo/hh_furni_xx_ktchn_oven.cst
== hh_furni_xx_ktchn_plates.cct ==
Decompiled Macromedia Director MX 2004 (10.1#11) cast /home/alex/Downloads/r26_20080915_0408_7984_61ccb5f8b8797a3aba62c1fa2ca80169/hh_furni_xx_ktchn_plates.cct to /opt/git/v26_assets/projectorrays_lingo/hh_furni_xx_ktchn_plates.cst
== hh_furni_xx_ktchn_pots.cct ==
Decompiled Macromedia Director MX 2004 (10.1#11) cast /home/alex/Downloads/r26_20080915_0408_7984_61ccb5f8b8797a3aba62c1fa2ca80169/hh_furni_xx_ktchn_pots.cct to /opt/git/v26_assets/projectorrays_lingo/hh_furni_xx_ktchn_pots.cst
== hh_furni_xx_ktchn_sink.cct ==
Decompiled Macromedia Director MX 2004 (10.1#11) cast /home/alex/Downloads/r26_20080915_0408_7984_61ccb5f8b8797a3aba62c1fa2ca80169/hh_furni_xx_ktchn_sink.cct to /opt/git/v26_assets/projectorrays_lingo/hh_furni_xx_ktchn_sink.cst
== hh_furni_xx_ktchn_stove.cct ==
Decompiled Macromedia Director MX 2004 (10.1#11) cast /home/alex/Downloads/r26_20080915_0408_7984_61ccb5f8b8797a3aba62c1fa2ca80169/hh_furni_xx_ktchn_stove.cct to /opt/git/v26_assets/projectorrays_lingo/hh_furni_xx_ktchn_stove.cst
== hh_furni_xx_ktchn_trash.cct ==
Decompiled Macromedia Director MX 2004 (10.1#11) cast /home/alex/Downloads/r26_20080915_0408_7984_61ccb5f8b8797a3aba62c1fa2ca80169/hh_furni_xx_ktchn_trash.cct to /opt/git/v26_assets/projectorrays_lingo/hh_furni_xx_ktchn_trash.cst
== hh_furni_xx_ktchn_wall.cct ==
Decompiled Macromedia Director MX 2004 (10.1#11) cast /home/alex/Downloads/r26_20080915_0408_7984_61ccb5f8b8797a3aba62c1fa2ca80169/hh_furni_xx_ktchn_wall.cct to /opt/git/v26_assets/projectorrays_lingo/hh_furni_xx_ktchn_wall.cst
== hh_furni_xx_ps3.cct ==
Decompiled Macromedia Director MX 2004 (10.1#11) cast /home/alex/Downloads/r26_20080915_0408_7984_61ccb5f8b8797a3aba62c1fa2ca80169/hh_furni_xx_ps3.cct to /opt/git/v26_assets/projectorrays_lingo/hh_furni_xx_ps3.cst
== hh_furni_xx_ps_control.cct ==
Decompiled Macromedia Director MX 2004 (10.1#11) cast /home/alex/Downloads/r26_20080915_0408_7984_61ccb5f8b8797a3aba62c1fa2ca80169/hh_furni_xx_ps_control.cct to /opt/git/v26_assets/projectorrays_lingo/hh_furni_xx_ps_control.cst
== hh_furni_xx_rfx_tv.cct ==
Decompiled Macromedia Director MX 2004 (10.1#11) cast /home/alex/Downloads/r26_20080915_0408_7984_61ccb5f8b8797a3aba62c1fa2ca80169/hh_furni_xx_rfx_tv.cct to /opt/git/v26_assets/projectorrays_lingo/hh_furni_xx_rfx_tv.cst
== hh_furni_xx_s_ads_1800tele.cct ==
Decompiled Macromedia Director MX 2004 (10.1#11) cast /home/alex/Downloads/r26_20080915_0408_7984_61ccb5f8b8797a3aba62c1fa2ca80169/hh_furni_xx_s_ads_1800tele.cct to /opt/git/v26_assets/projectorrays_lingo/hh_furni_xx_s_ads_1800tele.cst
== hh_furni_xx_s_ads_mall_winclo.cct ==
Decompiled Macromedia Director MX 2004 (10.1#11) cast /home/alex/Downloads/r26_20080915_0408_7984_61ccb5f8b8797a3aba62c1fa2ca80169/hh_furni_xx_s_ads_mall_winclo.cct to /opt/git/v26_assets/projectorrays_lingo/hh_furni_xx_s_ads_mall_winclo.cst
== hh_furni_xx_s_ktchn_bBlock.cct ==
Decompiled Macromedia Director MX 2004 (10.1#11) cast /home/alex/Downloads/r26_20080915_0408_7984_61ccb5f8b8797a3aba62c1fa2ca80169/hh_furni_xx_s_ktchn_bBlock.cct to /opt/git/v26_assets/projectorrays_lingo/hh_furni_xx_s_ktchn_bBlock.cst
== hh_furni_xx_s_ktchn_cornr.cct ==
Decompiled Macromedia Director MX 2004 (10.1#11) cast /home/alex/Downloads/r26_20080915_0408_7984_61ccb5f8b8797a3aba62c1fa2ca80169/hh_furni_xx_s_ktchn_cornr.cct to /opt/git/v26_assets/projectorrays_lingo/hh_furni_xx_s_ktchn_cornr.cst
== hh_furni_xx_s_ktchn_countr_1.cct ==
Decompiled Macromedia Director MX 2004 (10.1#11) cast /home/alex/Downloads/r26_20080915_0408_7984_61ccb5f8b8797a3aba62c1fa2ca80169/hh_furni_xx_s_ktchn_countr_1.cct to /opt/git/v26_assets/projectorrays_lingo/hh_furni_xx_s_ktchn_countr_1.cst
== hh_furni_xx_s_ktchn_countr_2.cct ==
Decompiled Macromedia Director MX 2004 (10.1#11) cast /home/alex/Downloads/r26_20080915_0408_7984_61ccb5f8b8797a3aba62c1fa2ca80169/hh_furni_xx_s_ktchn_countr_2.cct to /opt/git/v26_assets/projectorrays_lingo/hh_furni_xx_s_ktchn_countr_2.cst
== hh_furni_xx_s_ktchn_desk.cct ==
Decompiled Macromedia Director MX 2004 (10.1#11) cast /home/alex/Downloads/r26_20080915_0408_7984_61ccb5f8b8797a3aba62c1fa2ca80169/hh_furni_xx_s_ktchn_desk.cct to /opt/git/v26_assets/projectorrays_lingo/hh_furni_xx_s_ktchn_desk.cst
== hh_furni_xx_s_ktchn_dvdr.cct ==
Decompiled Macromedia Director MX 2004 (10.1#11) cast /home/alex/Downloads/r26_20080915_0408_7984_61ccb5f8b8797a3aba62c1fa2ca80169/hh_furni_xx_s_ktchn_dvdr.cct to /opt/git/v26_assets/projectorrays_lingo/hh_furni_xx_s_ktchn_dvdr.cst
== hh_furni_xx_s_ktchn_fridge.cct ==
Decompiled Macromedia Director MX 2004 (10.1#11) cast /home/alex/Downloads/r26_20080915_0408_7984_61ccb5f8b8797a3aba62c1fa2ca80169/hh_furni_xx_s_ktchn_fridge.cct to /opt/git/v26_assets/projectorrays_lingo/hh_furni_xx_s_ktchn_fridge.cst
== hh_furni_xx_s_ktchn_gate.cct ==
Decompiled Macromedia Director MX 2004 (10.1#11) cast /home/alex/Downloads/r26_20080915_0408_7984_61ccb5f8b8797a3aba62c1fa2ca80169/hh_furni_xx_s_ktchn_gate.cct to /opt/git/v26_assets/projectorrays_lingo/hh_furni_xx_s_ktchn_gate.cst
== hh_furni_xx_s_ktchn_inspctr.cct ==
Decompiled Macromedia Director MX 2004 (10.1#11) cast /home/alex/Downloads/r26_20080915_0408_7984_61ccb5f8b8797a3aba62c1fa2ca80169/hh_furni_xx_s_ktchn_inspctr.cct to /opt/git/v26_assets/projectorrays_lingo/hh_furni_xx_s_ktchn_inspctr.cst
== hh_furni_xx_s_ktchn_knives.cct ==
Decompiled Macromedia Director MX 2004 (10.1#11) cast /home/alex/Downloads/r26_20080915_0408_7984_61ccb5f8b8797a3aba62c1fa2ca80169/hh_furni_xx_s_ktchn_knives.cct to /opt/git/v26_assets/projectorrays_lingo/hh_furni_xx_s_ktchn_knives.cst
== hh_furni_xx_s_ktchn_light.cct ==
Decompiled Macromedia Director MX 2004 (10.1#11) cast /home/alex/Downloads/r26_20080915_0408_7984_61ccb5f8b8797a3aba62c1fa2ca80169/hh_furni_xx_s_ktchn_light.cct to /opt/git/v26_assets/projectorrays_lingo/hh_furni_xx_s_ktchn_light.cst
== hh_furni_xx_s_ktchn_oven.cct ==
Decompiled Macromedia Director MX 2004 (10.1#11) cast /home/alex/Downloads/r26_20080915_0408_7984_61ccb5f8b8797a3aba62c1fa2ca80169/hh_furni_xx_s_ktchn_oven.cct to /opt/git/v26_assets/projectorrays_lingo/hh_furni_xx_s_ktchn_oven.cst
== hh_furni_xx_s_ktchn_plates.cct ==
Decompiled Macromedia Director MX 2004 (10.1#11) cast /home/alex/Downloads/r26_20080915_0408_7984_61ccb5f8b8797a3aba62c1fa2ca80169/hh_furni_xx_s_ktchn_plates.cct to /opt/git/v26_assets/projectorrays_lingo/hh_furni_xx_s_ktchn_plates.cst
== hh_furni_xx_s_ktchn_pots.cct ==
Decompiled Macromedia Director MX 2004 (10.1#11) cast /home/alex/Downloads/r26_20080915_0408_7984_61ccb5f8b8797a3aba62c1fa2ca80169/hh_furni_xx_s_ktchn_pots.cct to /opt/git/v26_assets/projectorrays_lingo/hh_furni_xx_s_ktchn_pots.cst
== hh_furni_xx_s_ktchn_sink.cct ==
Decompiled Macromedia Director MX 2004 (10.1#11) cast /home/alex/Downloads/r26_20080915_0408_7984_61ccb5f8b8797a3aba62c1fa2ca80169/hh_furni_xx_s_ktchn_sink.cct to /opt/git/v26_assets/projectorrays_lingo/hh_furni_xx_s_ktchn_sink.cst
== hh_furni_xx_s_ktchn_stove.cct ==
Decompiled Macromedia Director MX 2004 (10.1#11) cast /home/alex/Downloads/r26_20080915_0408_7984_61ccb5f8b8797a3aba62c1fa2ca80169/hh_furni_xx_s_ktchn_stove.cct to /opt/git/v26_assets/projectorrays_lingo/hh_furni_xx_s_ktchn_stove.cst
== hh_furni_xx_s_ktchn_trash.cct ==
Decompiled Macromedia Director MX 2004 (10.1#11) cast /home/alex/Downloads/r26_20080915_0408_7984_61ccb5f8b8797a3aba62c1fa2ca80169/hh_furni_xx_s_ktchn_trash.cct to /opt/git/v26_assets/projectorrays_lingo/hh_furni_xx_s_ktchn_trash.cst
== hh_furni_xx_s_ktchn_wall.cct ==
Decompiled Macromedia Director MX 2004 (10.1#11) cast /home/alex/Downloads/r26_20080915_0408_7984_61ccb5f8b8797a3aba62c1fa2ca80169/hh_furni_xx_s_ktchn_wall.cct to /opt/git/v26_assets/projectorrays_lingo/hh_furni_xx_s_ktchn_wall.cst
== hh_furni_xx_s_urban_bench.cct ==
Decompiled Macromedia Director MX 2004 (10.1#11) cast /home/alex/Downloads/r26_20080915_0408_7984_61ccb5f8b8797a3aba62c1fa2ca80169/hh_furni_xx_s_urban_bench.cct to /opt/git/v26_assets/projectorrays_lingo/hh_furni_xx_s_urban_bench.cst
== hh_furni_xx_s_urban_bin.cct ==
Decompiled Macromedia Director MX 2004 (10.1#11) cast /home/alex/Downloads/r26_20080915_0408_7984_61ccb5f8b8797a3aba62c1fa2ca80169/hh_furni_xx_s_urban_bin.cct to /opt/git/v26_assets/projectorrays_lingo/hh_furni_xx_s_urban_bin.cst
== hh_furni_xx_s_urban_blocker.cct ==
Decompiled Macromedia Director MX 2004 (10.1#11) cast /home/alex/Downloads/r26_20080915_0408_7984_61ccb5f8b8797a3aba62c1fa2ca80169/hh_furni_xx_s_urban_blocker.cct to /opt/git/v26_assets/projectorrays_lingo/hh_furni_xx_s_urban_blocker.cst
== hh_furni_xx_s_urban_bsktbll.cct ==
Decompiled Macromedia Director MX 2004 (10.1#11) cast /home/alex/Downloads/r26_20080915_0408_7984_61ccb5f8b8797a3aba62c1fa2ca80169/hh_furni_xx_s_urban_bsktbll.cct to /opt/git/v26_assets/projectorrays_lingo/hh_furni_xx_s_urban_bsktbll.cst
== hh_furni_xx_s_urban_carsofa.cct ==
Decompiled Macromedia Director MX 2004 (10.1#11) cast /home/alex/Downloads/r26_20080915_0408_7984_61ccb5f8b8797a3aba62c1fa2ca80169/hh_furni_xx_s_urban_carsofa.cct to /opt/git/v26_assets/projectorrays_lingo/hh_furni_xx_s_urban_carsofa.cst
== hh_furni_xx_s_urban_fence.cct ==
Decompiled Macromedia Director MX 2004 (10.1#11) cast /home/alex/Downloads/r26_20080915_0408_7984_61ccb5f8b8797a3aba62c1fa2ca80169/hh_furni_xx_s_urban_fence.cct to /opt/git/v26_assets/projectorrays_lingo/hh_furni_xx_s_urban_fence.cst
== hh_furni_xx_s_urban_fence_corner.cct ==
Decompiled Macromedia Director MX 2004 (10.1#11) cast /home/alex/Downloads/r26_20080915_0408_7984_61ccb5f8b8797a3aba62c1fa2ca80169/hh_furni_xx_s_urban_fence_corner.cct to /opt/git/v26_assets/projectorrays_lingo/hh_furni_xx_s_urban_fence_corner.cst
== hh_furni_xx_s_urban_lamp.cct ==
Decompiled Macromedia Director MX 2004 (10.1#11) cast /home/alex/Downloads/r26_20080915_0408_7984_61ccb5f8b8797a3aba62c1fa2ca80169/hh_furni_xx_s_urban_lamp.cct to /opt/git/v26_assets/projectorrays_lingo/hh_furni_xx_s_urban_lamp.cst
== hh_furni_xx_s_urban_sidewalk.cct ==
Decompiled Macromedia Director MX 2004 (10.1#11) cast /home/alex/Downloads/r26_20080915_0408_7984_61ccb5f8b8797a3aba62c1fa2ca80169/hh_furni_xx_s_urban_sidewalk.cct to /opt/git/v26_assets/projectorrays_lingo/hh_furni_xx_s_urban_sidewalk.cst
== hh_furni_xx_s_urban_wall.cct ==
Decompiled Macromedia Director MX 2004 (10.1#11) cast /home/alex/Downloads/r26_20080915_0408_7984_61ccb5f8b8797a3aba62c1fa2ca80169/hh_furni_xx_s_urban_wall.cct to /opt/git/v26_assets/projectorrays_lingo/hh_furni_xx_s_urban_wall.cst
== hh_furni_xx_s_urban_wpost.cct ==
Decompiled Macromedia Director MX 2004 (10.1#11) cast /home/alex/Downloads/r26_20080915_0408_7984_61ccb5f8b8797a3aba62c1fa2ca80169/hh_furni_xx_s_urban_wpost.cct to /opt/git/v26_assets/projectorrays_lingo/hh_furni_xx_s_urban_wpost.cst
== hh_furni_xx_speaker.cct ==
Decompiled Macromedia Director MX 2004 (10.1#11) cast /home/alex/Downloads/r26_20080915_0408_7984_61ccb5f8b8797a3aba62c1fa2ca80169/hh_furni_xx_speaker.cct to /opt/git/v26_assets/projectorrays_lingo/hh_furni_xx_speaker.cst
== hh_furni_xx_tvhd.cct ==
Decompiled Macromedia Director MX 2004 (10.1#11) cast /home/alex/Downloads/r26_20080915_0408_7984_61ccb5f8b8797a3aba62c1fa2ca80169/hh_furni_xx_tvhd.cct to /opt/git/v26_assets/projectorrays_lingo/hh_furni_xx_tvhd.cst
== hh_furni_xx_tvstand.cct ==
Decompiled Macromedia Director MX 2004 (10.1#11) cast /home/alex/Downloads/r26_20080915_0408_7984_61ccb5f8b8797a3aba62c1fa2ca80169/hh_furni_xx_tvstand.cct to /opt/git/v26_assets/projectorrays_lingo/hh_furni_xx_tvstand.cst
== hh_furni_xx_urban_bench.cct ==
Decompiled Macromedia Director MX 2004 (10.1#11) cast /home/alex/Downloads/r26_20080915_0408_7984_61ccb5f8b8797a3aba62c1fa2ca80169/hh_furni_xx_urban_bench.cct to /opt/git/v26_assets/projectorrays_lingo/hh_furni_xx_urban_bench.cst
== hh_furni_xx_urban_bin.cct ==
Decompiled Macromedia Director MX 2004 (10.1#11) cast /home/alex/Downloads/r26_20080915_0408_7984_61ccb5f8b8797a3aba62c1fa2ca80169/hh_furni_xx_urban_bin.cct to /opt/git/v26_assets/projectorrays_lingo/hh_furni_xx_urban_bin.cst
== hh_furni_xx_urban_blocker.cct ==
Decompiled Macromedia Director MX 2004 (10.1#11) cast /home/alex/Downloads/r26_20080915_0408_7984_61ccb5f8b8797a3aba62c1fa2ca80169/hh_furni_xx_urban_blocker.cct to /opt/git/v26_assets/projectorrays_lingo/hh_furni_xx_urban_blocker.cst
== hh_furni_xx_urban_bsktbll.cct ==
Decompiled Macromedia Director MX 2004 (10.1#11) cast /home/alex/Downloads/r26_20080915_0408_7984_61ccb5f8b8797a3aba62c1fa2ca80169/hh_furni_xx_urban_bsktbll.cct to /opt/git/v26_assets/projectorrays_lingo/hh_furni_xx_urban_bsktbll.cst
== hh_furni_xx_urban_carsofa.cct ==
Decompiled Macromedia Director MX 2004 (10.1#11) cast /home/alex/Downloads/r26_20080915_0408_7984_61ccb5f8b8797a3aba62c1fa2ca80169/hh_furni_xx_urban_carsofa.cct to /opt/git/v26_assets/projectorrays_lingo/hh_furni_xx_urban_carsofa.cst
== hh_furni_xx_urban_fence.cct ==
Decompiled Macromedia Director MX 2004 (10.1#11) cast /home/alex/Downloads/r26_20080915_0408_7984_61ccb5f8b8797a3aba62c1fa2ca80169/hh_furni_xx_urban_fence.cct to /opt/git/v26_assets/projectorrays_lingo/hh_furni_xx_urban_fence.cst
== hh_furni_xx_urban_fence_corner.cct ==
Decompiled Macromedia Director MX 2004 (10.1#11) cast /home/alex/Downloads/r26_20080915_0408_7984_61ccb5f8b8797a3aba62c1fa2ca80169/hh_furni_xx_urban_fence_corner.cct to /opt/git/v26_assets/projectorrays_lingo/hh_furni_xx_urban_fence_corner.cst
== hh_furni_xx_urban_lamp.cct ==
Decompiled Macromedia Director MX 2004 (10.1#11) cast /home/alex/Downloads/r26_20080915_0408_7984_61ccb5f8b8797a3aba62c1fa2ca80169/hh_furni_xx_urban_lamp.cct to /opt/git/v26_assets/projectorrays_lingo/hh_furni_xx_urban_lamp.cst
== hh_furni_xx_urban_sidewalk.cct ==
Decompiled Macromedia Director MX 2004 (10.1#11) cast /home/alex/Downloads/r26_20080915_0408_7984_61ccb5f8b8797a3aba62c1fa2ca80169/hh_furni_xx_urban_sidewalk.cct to /opt/git/v26_assets/projectorrays_lingo/hh_furni_xx_urban_sidewalk.cst
== hh_furni_xx_urban_wall.cct ==
Decompiled Macromedia Director MX 2004 (10.1#11) cast /home/alex/Downloads/r26_20080915_0408_7984_61ccb5f8b8797a3aba62c1fa2ca80169/hh_furni_xx_urban_wall.cct to /opt/git/v26_assets/projectorrays_lingo/hh_furni_xx_urban_wall.cst
== hh_furni_xx_urban_wpost.cct ==
Decompiled Macromedia Director MX 2004 (10.1#11) cast /home/alex/Downloads/r26_20080915_0408_7984_61ccb5f8b8797a3aba62c1fa2ca80169/hh_furni_xx_urban_wpost.cct to /opt/git/v26_assets/projectorrays_lingo/hh_furni_xx_urban_wpost.cst
== hh_furni_xx_wii.cct ==
Decompiled Macromedia Director MX 2004 (10.1#11) cast /home/alex/Downloads/r26_20080915_0408_7984_61ccb5f8b8797a3aba62c1fa2ca80169/hh_furni_xx_wii.cct to /opt/git/v26_assets/projectorrays_lingo/hh_furni_xx_wii.cst
== hh_furni_xx_wii_control.cct ==
Decompiled Macromedia Director MX 2004 (10.1#11) cast /home/alex/Downloads/r26_20080915_0408_7984_61ccb5f8b8797a3aba62c1fa2ca80169/hh_furni_xx_wii_control.cct to /opt/git/v26_assets/projectorrays_lingo/hh_furni_xx_wii_control.cst
== hh_furni_xx_xbox360.cct ==
Decompiled Macromedia Director MX 2004 (10.1#11) cast /home/alex/Downloads/r26_20080915_0408_7984_61ccb5f8b8797a3aba62c1fa2ca80169/hh_furni_xx_xbox360.cct to /opt/git/v26_assets/projectorrays_lingo/hh_furni_xx_xbox360.cst
== hh_furni_xx_xbox360_control.cct ==
Decompiled Macromedia Director MX 2004 (10.1#11) cast /home/alex/Downloads/r26_20080915_0408_7984_61ccb5f8b8797a3aba62c1fa2ca80169/hh_furni_xx_xbox360_control.cct to /opt/git/v26_assets/projectorrays_lingo/hh_furni_xx_xbox360_control.cst
== hh_game_bb.cct ==
Decompiled Macromedia Director MX 2004 (10.0#188) cast /home/alex/Downloads/r26_20080915_0408_7984_61ccb5f8b8797a3aba62c1fa2ca80169/hh_game_bb.cct to /opt/git/v26_assets/projectorrays_lingo/hh_game_bb.cst
== hh_game_bb_room.cct ==
Decompiled Macromedia Director MX 2004 (10.0#188) cast /home/alex/Downloads/r26_20080915_0408_7984_61ccb5f8b8797a3aba62c1fa2ca80169/hh_game_bb_room.cct to /opt/git/v26_assets/projectorrays_lingo/hh_game_bb_room.cst
== hh_game_bb_ui.cct ==
Decompiled Macromedia Director MX 2004 (10.0#188) cast /home/alex/Downloads/r26_20080915_0408_7984_61ccb5f8b8797a3aba62c1fa2ca80169/hh_game_bb_ui.cct to /opt/git/v26_assets/projectorrays_lingo/hh_game_bb_ui.cst
== hh_game_snowwar.cct ==
Decompiled Macromedia Director MX 2004 (10.0#188) cast /home/alex/Downloads/r26_20080915_0408_7984_61ccb5f8b8797a3aba62c1fa2ca80169/hh_game_snowwar.cct to /opt/git/v26_assets/projectorrays_lingo/hh_game_snowwar.cst
== hh_game_snowwar_room.cct ==
Decompiled Macromedia Director MX 2004 (10.0#188) cast /home/alex/Downloads/r26_20080915_0408_7984_61ccb5f8b8797a3aba62c1fa2ca80169/hh_game_snowwar_room.cct to /opt/git/v26_assets/projectorrays_lingo/hh_game_snowwar_room.cst
== hh_game_snowwar_ui.cct ==
Decompiled Macromedia Director MX 2004 (10.0#188) cast /home/alex/Downloads/r26_20080915_0408_7984_61ccb5f8b8797a3aba62c1fa2ca80169/hh_game_snowwar_ui.cct to /opt/git/v26_assets/projectorrays_lingo/hh_game_snowwar_ui.cst
== hh_games.cct ==
Decompiled Macromedia Director MX 2004 (10.0#188) cast /home/alex/Downloads/r26_20080915_0408_7984_61ccb5f8b8797a3aba62c1fa2ca80169/hh_games.cct to /opt/git/v26_assets/projectorrays_lingo/hh_games.cst
== hh_gamesys.cct ==
Decompiled Macromedia Director MX 2004 (10.0#188) cast /home/alex/Downloads/r26_20080915_0408_7984_61ccb5f8b8797a3aba62c1fa2ca80169/hh_gamesys.cct to /opt/git/v26_assets/projectorrays_lingo/hh_gamesys.cst
== hh_guide.cct ==
Decompiled Macromedia Director MX 2004 (10.0#188) cast /home/alex/Downloads/r26_20080915_0408_7984_61ccb5f8b8797a3aba62c1fa2ca80169/hh_guide.cct to /opt/git/v26_assets/projectorrays_lingo/hh_guide.cst
== hh_human.cct ==
Decompiled Macromedia Director MX 2004 (10.0#188) cast /home/alex/Downloads/r26_20080915_0408_7984_61ccb5f8b8797a3aba62c1fa2ca80169/hh_human.cct to /opt/git/v26_assets/projectorrays_lingo/hh_human.cst
== hh_human_50_acc_chest.cct ==
Decompiled Macromedia Director MX 2004 (10.0#188) cast /home/alex/Downloads/r26_20080915_0408_7984_61ccb5f8b8797a3aba62c1fa2ca80169/hh_human_50_acc_chest.cct to /opt/git/v26_assets/projectorrays_lingo/hh_human_50_acc_chest.cst
== hh_human_50_acc_eye.cct ==
Decompiled Macromedia Director MX 2004 (10.0#188) cast /home/alex/Downloads/r26_20080915_0408_7984_61ccb5f8b8797a3aba62c1fa2ca80169/hh_human_50_acc_eye.cct to /opt/git/v26_assets/projectorrays_lingo/hh_human_50_acc_eye.cst
== hh_human_50_acc_face.cct ==
Decompiled Macromedia Director MX 2004 (10.0#188) cast /home/alex/Downloads/r26_20080915_0408_7984_61ccb5f8b8797a3aba62c1fa2ca80169/hh_human_50_acc_face.cct to /opt/git/v26_assets/projectorrays_lingo/hh_human_50_acc_face.cst
== hh_human_50_acc_head.cct ==
Decompiled Macromedia Director MX 2004 (10.0#188) cast /home/alex/Downloads/r26_20080915_0408_7984_61ccb5f8b8797a3aba62c1fa2ca80169/hh_human_50_acc_head.cct to /opt/git/v26_assets/projectorrays_lingo/hh_human_50_acc_head.cst
== hh_human_50_acc_waist.cct ==
Decompiled Macromedia Director MX 2004 (10.0#188) cast /home/alex/Downloads/r26_20080915_0408_7984_61ccb5f8b8797a3aba62c1fa2ca80169/hh_human_50_acc_waist.cct to /opt/git/v26_assets/projectorrays_lingo/hh_human_50_acc_waist.cst
== hh_human_50_body.cct ==
Decompiled Macromedia Director MX 2004 (10.0#188) cast /home/alex/Downloads/r26_20080915_0408_7984_61ccb5f8b8797a3aba62c1fa2ca80169/hh_human_50_body.cct to /opt/git/v26_assets/projectorrays_lingo/hh_human_50_body.cst
== hh_human_50_face.cct ==
Decompiled Macromedia Director MX 2004 (10.0#188) cast /home/alex/Downloads/r26_20080915_0408_7984_61ccb5f8b8797a3aba62c1fa2ca80169/hh_human_50_face.cct to /opt/git/v26_assets/projectorrays_lingo/hh_human_50_face.cst
== hh_human_50_hair.cct ==
Decompiled Macromedia Director MX 2004 (10.0#188) cast /home/alex/Downloads/r26_20080915_0408_7984_61ccb5f8b8797a3aba62c1fa2ca80169/hh_human_50_hair.cct to /opt/git/v26_assets/projectorrays_lingo/hh_human_50_hair.cst
== hh_human_50_hats.cct ==
Decompiled Macromedia Director MX 2004 (10.0#188) cast /home/alex/Downloads/r26_20080915_0408_7984_61ccb5f8b8797a3aba62c1fa2ca80169/hh_human_50_hats.cct to /opt/git/v26_assets/projectorrays_lingo/hh_human_50_hats.cst
== hh_human_50_item.cct ==
Decompiled Macromedia Director MX 2004 (10.0#188) cast /home/alex/Downloads/r26_20080915_0408_7984_61ccb5f8b8797a3aba62c1fa2ca80169/hh_human_50_item.cct to /opt/git/v26_assets/projectorrays_lingo/hh_human_50_item.cst
== hh_human_50_leg.cct ==
Decompiled Macromedia Director MX 2004 (10.0#188) cast /home/alex/Downloads/r26_20080915_0408_7984_61ccb5f8b8797a3aba62c1fa2ca80169/hh_human_50_leg.cct to /opt/git/v26_assets/projectorrays_lingo/hh_human_50_leg.cst
== hh_human_50_shirt.cct ==
Decompiled Macromedia Director MX 2004 (10.0#188) cast /home/alex/Downloads/r26_20080915_0408_7984_61ccb5f8b8797a3aba62c1fa2ca80169/hh_human_50_shirt.cct to /opt/git/v26_assets/projectorrays_lingo/hh_human_50_shirt.cst
== hh_human_50_shoe.cct ==
Decompiled Macromedia Director MX 2004 (10.0#188) cast /home/alex/Downloads/r26_20080915_0408_7984_61ccb5f8b8797a3aba62c1fa2ca80169/hh_human_50_shoe.cct to /opt/git/v26_assets/projectorrays_lingo/hh_human_50_shoe.cst
== hh_human_acc_chest.cct ==
Decompiled Macromedia Director MX 2004 (10.0#188) cast /home/alex/Downloads/r26_20080915_0408_7984_61ccb5f8b8797a3aba62c1fa2ca80169/hh_human_acc_chest.cct to /opt/git/v26_assets/projectorrays_lingo/hh_human_acc_chest.cst
== hh_human_acc_eye.cct ==
Decompiled Macromedia Director MX 2004 (10.0#188) cast /home/alex/Downloads/r26_20080915_0408_7984_61ccb5f8b8797a3aba62c1fa2ca80169/hh_human_acc_eye.cct to /opt/git/v26_assets/projectorrays_lingo/hh_human_acc_eye.cst
== hh_human_acc_face.cct ==
Decompiled Macromedia Director MX 2004 (10.0#188) cast /home/alex/Downloads/r26_20080915_0408_7984_61ccb5f8b8797a3aba62c1fa2ca80169/hh_human_acc_face.cct to /opt/git/v26_assets/projectorrays_lingo/hh_human_acc_face.cst
== hh_human_acc_head.cct ==
Decompiled Macromedia Director MX 2004 (10.0#188) cast /home/alex/Downloads/r26_20080915_0408_7984_61ccb5f8b8797a3aba62c1fa2ca80169/hh_human_acc_head.cct to /opt/git/v26_assets/projectorrays_lingo/hh_human_acc_head.cst
== hh_human_acc_waist.cct ==
Decompiled Macromedia Director MX 2004 (10.0#188) cast /home/alex/Downloads/r26_20080915_0408_7984_61ccb5f8b8797a3aba62c1fa2ca80169/hh_human_acc_waist.cct to /opt/git/v26_assets/projectorrays_lingo/hh_human_acc_waist.cst
== hh_human_body.cct ==
Decompiled Macromedia Director MX 2004 (10.0#188) cast /home/alex/Downloads/r26_20080915_0408_7984_61ccb5f8b8797a3aba62c1fa2ca80169/hh_human_body.cct to /opt/git/v26_assets/projectorrays_lingo/hh_human_body.cst
== hh_human_face.cct ==
Decompiled Macromedia Director MX 2004 (10.0#188) cast /home/alex/Downloads/r26_20080915_0408_7984_61ccb5f8b8797a3aba62c1fa2ca80169/hh_human_face.cct to /opt/git/v26_assets/projectorrays_lingo/hh_human_face.cst
== hh_human_fx.cct ==
Decompiled Macromedia Director MX 2004 (10.0#188) cast /home/alex/Downloads/r26_20080915_0408_7984_61ccb5f8b8797a3aba62c1fa2ca80169/hh_human_fx.cct to /opt/git/v26_assets/projectorrays_lingo/hh_human_fx.cst
== hh_human_hair.cct ==
Decompiled Macromedia Director MX 2004 (10.0#188) cast /home/alex/Downloads/r26_20080915_0408_7984_61ccb5f8b8797a3aba62c1fa2ca80169/hh_human_hair.cct to /opt/git/v26_assets/projectorrays_lingo/hh_human_hair.cst
== hh_human_hats.cct ==
Decompiled Macromedia Director MX 2004 (10.0#188) cast /home/alex/Downloads/r26_20080915_0408_7984_61ccb5f8b8797a3aba62c1fa2ca80169/hh_human_hats.cct to /opt/git/v26_assets/projectorrays_lingo/hh_human_hats.cst
== hh_human_item.cct ==
Decompiled Macromedia Director MX 2004 (10.0#188) cast /home/alex/Downloads/r26_20080915_0408_7984_61ccb5f8b8797a3aba62c1fa2ca80169/hh_human_item.cct to /opt/git/v26_assets/projectorrays_lingo/hh_human_item.cst
== hh_human_leg.cct ==
Decompiled Macromedia Director MX 2004 (10.0#188) cast /home/alex/Downloads/r26_20080915_0408_7984_61ccb5f8b8797a3aba62c1fa2ca80169/hh_human_leg.cct to /opt/git/v26_assets/projectorrays_lingo/hh_human_leg.cst
== hh_human_shirt.cct ==
Decompiled Macromedia Director MX 2004 (10.0#188) cast /home/alex/Downloads/r26_20080915_0408_7984_61ccb5f8b8797a3aba62c1fa2ca80169/hh_human_shirt.cct to /opt/git/v26_assets/projectorrays_lingo/hh_human_shirt.cst
== hh_human_shoe.cct ==
Decompiled Macromedia Director MX 2004 (10.0#188) cast /home/alex/Downloads/r26_20080915_0408_7984_61ccb5f8b8797a3aba62c1fa2ca80169/hh_human_shoe.cct to /opt/git/v26_assets/projectorrays_lingo/hh_human_shoe.cst
== hh_ig.cct ==
Decompiled Macromedia Director MX 2004 (10.0#188) cast /home/alex/Downloads/r26_20080915_0408_7984_61ccb5f8b8797a3aba62c1fa2ca80169/hh_ig.cct to /opt/git/v26_assets/projectorrays_lingo/hh_ig.cst
== hh_ig_game_bb.cct ==
Decompiled Macromedia Director MX 2004 (10.0#188) cast /home/alex/Downloads/r26_20080915_0408_7984_61ccb5f8b8797a3aba62c1fa2ca80169/hh_ig_game_bb.cct to /opt/git/v26_assets/projectorrays_lingo/hh_ig_game_bb.cst
== hh_ig_game_bb_room.cct ==
Decompiled Macromedia Director MX 2004 (10.0#188) cast /home/alex/Downloads/r26_20080915_0408_7984_61ccb5f8b8797a3aba62c1fa2ca80169/hh_ig_game_bb_room.cct to /opt/git/v26_assets/projectorrays_lingo/hh_ig_game_bb_room.cst
== hh_ig_game_bb_ui.cct ==
Decompiled Macromedia Director MX 2004 (10.0#188) cast /home/alex/Downloads/r26_20080915_0408_7984_61ccb5f8b8797a3aba62c1fa2ca80169/hh_ig_game_bb_ui.cct to /opt/git/v26_assets/projectorrays_lingo/hh_ig_game_bb_ui.cst
== hh_ig_gamesys.cct ==
Decompiled Macromedia Director MX 2004 (10.0#188) cast /home/alex/Downloads/r26_20080915_0408_7984_61ccb5f8b8797a3aba62c1fa2ca80169/hh_ig_gamesys.cct to /opt/git/v26_assets/projectorrays_lingo/hh_ig_gamesys.cst
== hh_ig_interface.cct ==
Decompiled Macromedia Director MX 2004 (10.0#188) cast /home/alex/Downloads/r26_20080915_0408_7984_61ccb5f8b8797a3aba62c1fa2ca80169/hh_ig_interface.cct to /opt/git/v26_assets/projectorrays_lingo/hh_ig_interface.cst
== hh_instant_messenger.cct ==
Decompiled Macromedia Director MX 2004 (10.0#188) cast /home/alex/Downloads/r26_20080915_0408_7984_61ccb5f8b8797a3aba62c1fa2ca80169/hh_instant_messenger.cct to /opt/git/v26_assets/projectorrays_lingo/hh_instant_messenger.cst
== hh_interface.cct ==
Decompiled Macromedia Director MX 2004 (10.0#188) cast /home/alex/Downloads/r26_20080915_0408_7984_61ccb5f8b8797a3aba62c1fa2ca80169/hh_interface.cct to /opt/git/v26_assets/projectorrays_lingo/hh_interface.cst
== hh_interface.cst ==
Decompiled Adobe Director 11.5 movie /home/alex/Downloads/r26_20080915_0408_7984_61ccb5f8b8797a3aba62c1fa2ca80169/hh_interface.cst to /opt/git/v26_assets/projectorrays_lingo/hh_interface.dir
== hh_kiosk_room.cct ==
Decompiled Macromedia Director MX 2004 (10.0#188) cast /home/alex/Downloads/r26_20080915_0408_7984_61ccb5f8b8797a3aba62c1fa2ca80169/hh_kiosk_room.cct to /opt/git/v26_assets/projectorrays_lingo/hh_kiosk_room.cst
== hh_messenger.cct ==
Decompiled Macromedia Director MX 2004 (10.0#188) cast /home/alex/Downloads/r26_20080915_0408_7984_61ccb5f8b8797a3aba62c1fa2ca80169/hh_messenger.cct to /opt/git/v26_assets/projectorrays_lingo/hh_messenger.cst
== hh_navigator.cct ==
Decompiled Macromedia Director MX 2004 (10.0#188) cast /home/alex/Downloads/r26_20080915_0408_7984_61ccb5f8b8797a3aba62c1fa2ca80169/hh_navigator.cct to /opt/git/v26_assets/projectorrays_lingo/hh_navigator.cst
== hh_paalu.cct ==
Decompiled Macromedia Director MX 2004 (10.0#188) cast /home/alex/Downloads/r26_20080915_0408_7984_61ccb5f8b8797a3aba62c1fa2ca80169/hh_paalu.cct to /opt/git/v26_assets/projectorrays_lingo/hh_paalu.cst
== hh_patch_br.cct ==
Decompiled Macromedia Director MX 2004 (10.0#188) cast /home/alex/Downloads/r26_20080915_0408_7984_61ccb5f8b8797a3aba62c1fa2ca80169/hh_patch_br.cct to /opt/git/v26_assets/projectorrays_lingo/hh_patch_br.cst
== hh_patch_ca.cct ==
Decompiled Macromedia Director MX 2004 (10.0#188) cast /home/alex/Downloads/r26_20080915_0408_7984_61ccb5f8b8797a3aba62c1fa2ca80169/hh_patch_ca.cct to /opt/git/v26_assets/projectorrays_lingo/hh_patch_ca.cst
== hh_patch_ch.cct ==
Decompiled Macromedia Director MX 2004 (10.0#188) cast /home/alex/Downloads/r26_20080915_0408_7984_61ccb5f8b8797a3aba62c1fa2ca80169/hh_patch_ch.cct to /opt/git/v26_assets/projectorrays_lingo/hh_patch_ch.cst
== hh_patch_cn.cct ==
Decompiled Macromedia Director MX 2004 (10.0#188) cast /home/alex/Downloads/r26_20080915_0408_7984_61ccb5f8b8797a3aba62c1fa2ca80169/hh_patch_cn.cct to /opt/git/v26_assets/projectorrays_lingo/hh_patch_cn.cst
== hh_patch_de.cct ==
Decompiled Macromedia Director MX 2004 (10.0#188) cast /home/alex/Downloads/r26_20080915_0408_7984_61ccb5f8b8797a3aba62c1fa2ca80169/hh_patch_de.cct to /opt/git/v26_assets/projectorrays_lingo/hh_patch_de.cst
== hh_patch_dk.cct ==
Decompiled Macromedia Director MX 2004 (10.0#188) cast /home/alex/Downloads/r26_20080915_0408_7984_61ccb5f8b8797a3aba62c1fa2ca80169/hh_patch_dk.cct to /opt/git/v26_assets/projectorrays_lingo/hh_patch_dk.cst
== hh_patch_es.cct ==
Decompiled Macromedia Director MX 2004 (10.0#188) cast /home/alex/Downloads/r26_20080915_0408_7984_61ccb5f8b8797a3aba62c1fa2ca80169/hh_patch_es.cct to /opt/git/v26_assets/projectorrays_lingo/hh_patch_es.cst
== hh_patch_fi.cct ==
Decompiled Macromedia Director MX 2004 (10.0#188) cast /home/alex/Downloads/r26_20080915_0408_7984_61ccb5f8b8797a3aba62c1fa2ca80169/hh_patch_fi.cct to /opt/git/v26_assets/projectorrays_lingo/hh_patch_fi.cst
== hh_patch_fr.cct ==
Decompiled Macromedia Director MX 2004 (10.0#188) cast /home/alex/Downloads/r26_20080915_0408_7984_61ccb5f8b8797a3aba62c1fa2ca80169/hh_patch_fr.cct to /opt/git/v26_assets/projectorrays_lingo/hh_patch_fr.cst
== hh_patch_it.cct ==
Decompiled Macromedia Director MX 2004 (10.0#188) cast /home/alex/Downloads/r26_20080915_0408_7984_61ccb5f8b8797a3aba62c1fa2ca80169/hh_patch_it.cct to /opt/git/v26_assets/projectorrays_lingo/hh_patch_it.cst
== hh_patch_jp.cct ==
Decompiled Macromedia Director MX 2004 (10.0#188) cast /home/alex/Downloads/r26_20080915_0408_7984_61ccb5f8b8797a3aba62c1fa2ca80169/hh_patch_jp.cct to /opt/git/v26_assets/projectorrays_lingo/hh_patch_jp.cst
== hh_patch_nl.cct ==
Decompiled Macromedia Director MX 2004 (10.0#188) cast /home/alex/Downloads/r26_20080915_0408_7984_61ccb5f8b8797a3aba62c1fa2ca80169/hh_patch_nl.cct to /opt/git/v26_assets/projectorrays_lingo/hh_patch_nl.cst
== hh_patch_no.cct ==
Decompiled Macromedia Director MX 2004 (10.0#188) cast /home/alex/Downloads/r26_20080915_0408_7984_61ccb5f8b8797a3aba62c1fa2ca80169/hh_patch_no.cct to /opt/git/v26_assets/projectorrays_lingo/hh_patch_no.cst
== hh_patch_ru.cct ==
Decompiled Macromedia Director MX 2004 (10.0#188) cast /home/alex/Downloads/r26_20080915_0408_7984_61ccb5f8b8797a3aba62c1fa2ca80169/hh_patch_ru.cct to /opt/git/v26_assets/projectorrays_lingo/hh_patch_ru.cst
== hh_patch_se.cct ==
Decompiled Macromedia Director MX 2004 (10.0#188) cast /home/alex/Downloads/r26_20080915_0408_7984_61ccb5f8b8797a3aba62c1fa2ca80169/hh_patch_se.cct to /opt/git/v26_assets/projectorrays_lingo/hh_patch_se.cst
== hh_patch_sg.cct ==
Decompiled Macromedia Director MX 2004 (10.0#188) cast /home/alex/Downloads/r26_20080915_0408_7984_61ccb5f8b8797a3aba62c1fa2ca80169/hh_patch_sg.cct to /opt/git/v26_assets/projectorrays_lingo/hh_patch_sg.cst
== hh_patch_uk.cct ==
Decompiled Macromedia Director MX 2004 (10.0#188) cast /home/alex/Downloads/r26_20080915_0408_7984_61ccb5f8b8797a3aba62c1fa2ca80169/hh_patch_uk.cct to /opt/git/v26_assets/projectorrays_lingo/hh_patch_uk.cst
== hh_people_1.cct ==
Codec unsupported: E HT
FAILED hh_people_1.cct
== hh_people_2.cct ==
Codec unsupported: E HT
FAILED hh_people_2.cct
== hh_people_paalu.cct ==
Decompiled Macromedia Director MX 2004 (10.0#188) cast /home/alex/Downloads/r26_20080915_0408_7984_61ccb5f8b8797a3aba62c1fa2ca80169/hh_people_paalu.cct to /opt/git/v26_assets/projectorrays_lingo/hh_people_paalu.cst
== hh_people_pool.cct ==
Decompiled Macromedia Director MX 2004 (10.0#188) cast /home/alex/Downloads/r26_20080915_0408_7984_61ccb5f8b8797a3aba62c1fa2ca80169/hh_people_pool.cct to /opt/git/v26_assets/projectorrays_lingo/hh_people_pool.cst
== hh_people_small_1.cct ==
Codec unsupported: E HT
FAILED hh_people_small_1.cct
== hh_people_small_2.cct ==
Codec unsupported: E HT
FAILED hh_people_small_2.cct
== hh_pets.cct ==
Decompiled Macromedia Director MX 2004 (10.0#188) cast /home/alex/Downloads/r26_20080915_0408_7984_61ccb5f8b8797a3aba62c1fa2ca80169/hh_pets.cct to /opt/git/v26_assets/projectorrays_lingo/hh_pets.cst
== hh_pets_50.cct ==
Decompiled Macromedia Director MX 2004 (10.0#188) cast /home/alex/Downloads/r26_20080915_0408_7984_61ccb5f8b8797a3aba62c1fa2ca80169/hh_pets_50.cct to /opt/git/v26_assets/projectorrays_lingo/hh_pets_50.cst
== hh_pets_common.cct ==
Decompiled Macromedia Director MX 2004 (10.0#188) cast /home/alex/Downloads/r26_20080915_0408_7984_61ccb5f8b8797a3aba62c1fa2ca80169/hh_pets_common.cct to /opt/git/v26_assets/projectorrays_lingo/hh_pets_common.cst
== hh_photo.cct ==
Decompiled Macromedia Director MX 2004 (10.0#188) cast /home/alex/Downloads/r26_20080915_0408_7984_61ccb5f8b8797a3aba62c1fa2ca80169/hh_photo.cct to /opt/git/v26_assets/projectorrays_lingo/hh_photo.cst
== hh_poll.cct ==
Decompiled Macromedia Director MX 2004 (10.0#188) cast /home/alex/Downloads/r26_20080915_0408_7984_61ccb5f8b8797a3aba62c1fa2ca80169/hh_poll.cct to /opt/git/v26_assets/projectorrays_lingo/hh_poll.cst
== hh_purse.cct ==
Decompiled Macromedia Director MX 2004 (10.0#188) cast /home/alex/Downloads/r26_20080915_0408_7984_61ccb5f8b8797a3aba62c1fa2ca80169/hh_purse.cct to /opt/git/v26_assets/projectorrays_lingo/hh_purse.cst
== hh_recycler.cct ==
Decompiled Macromedia Director MX 2004 (10.0#188) cast /home/alex/Downloads/r26_20080915_0408_7984_61ccb5f8b8797a3aba62c1fa2ca80169/hh_recycler.cct to /opt/git/v26_assets/projectorrays_lingo/hh_recycler.cst
== hh_registrat.cct ==
Decompiled Macromedia Director MX 2004 (10.0#188) cast /home/alex/Downloads/r26_20080915_0408_7984_61ccb5f8b8797a3aba62c1fa2ca80169/hh_registrat.cct to /opt/git/v26_assets/projectorrays_lingo/hh_registrat.cst
== hh_room.cct ==
Decompiled Macromedia Director MX 2004 (10.0#188) cast /home/alex/Downloads/r26_20080915_0408_7984_61ccb5f8b8797a3aba62c1fa2ca80169/hh_room.cct to /opt/git/v26_assets/projectorrays_lingo/hh_room.cst
== hh_room_ballroom.cct ==
Decompiled Macromedia Director MX 2004 (10.0#188) cast /home/alex/Downloads/r26_20080915_0408_7984_61ccb5f8b8797a3aba62c1fa2ca80169/hh_room_ballroom.cct to /opt/git/v26_assets/projectorrays_lingo/hh_room_ballroom.cst
== hh_room_ballroom_ing.cct ==
Decompiled Macromedia Director MX 2004 (10.0#188) cast /home/alex/Downloads/r26_20080915_0408_7984_61ccb5f8b8797a3aba62c1fa2ca80169/hh_room_ballroom_ing.cct to /opt/git/v26_assets/projectorrays_lingo/hh_room_ballroom_ing.cst
== hh_room_bar.cct ==
Decompiled Macromedia Director MX 2004 (10.0#188) cast /home/alex/Downloads/r26_20080915_0408_7984_61ccb5f8b8797a3aba62c1fa2ca80169/hh_room_bar.cct to /opt/git/v26_assets/projectorrays_lingo/hh_room_bar.cst
== hh_room_bar_postbank.cct ==
Decompiled Macromedia Director MX 2004 (10.0#188) cast /home/alex/Downloads/r26_20080915_0408_7984_61ccb5f8b8797a3aba62c1fa2ca80169/hh_room_bar_postbank.cct to /opt/git/v26_assets/projectorrays_lingo/hh_room_bar_postbank.cst
== hh_room_bb_game.cct ==
Decompiled Macromedia Director MX 2004 (10.0#188) cast /home/alex/Downloads/r26_20080915_0408_7984_61ccb5f8b8797a3aba62c1fa2ca80169/hh_room_bb_game.cct to /opt/git/v26_assets/projectorrays_lingo/hh_room_bb_game.cst
== hh_room_beauty_salon_general.cct ==
Decompiled Macromedia Director MX 2004 (10.0#188) cast /home/alex/Downloads/r26_20080915_0408_7984_61ccb5f8b8797a3aba62c1fa2ca80169/hh_room_beauty_salon_general.cct to /opt/git/v26_assets/projectorrays_lingo/hh_room_beauty_salon_general.cst
== hh_room_beauty_salon_loreal.cct ==
Decompiled Macromedia Director MX 2004 (10.0#188) cast /home/alex/Downloads/r26_20080915_0408_7984_61ccb5f8b8797a3aba62c1fa2ca80169/hh_room_beauty_salon_loreal.cct to /opt/git/v26_assets/projectorrays_lingo/hh_room_beauty_salon_loreal.cst
== hh_room_cafe.cct ==
Decompiled Macromedia Director MX 2004 (10.0#188) cast /home/alex/Downloads/r26_20080915_0408_7984_61ccb5f8b8797a3aba62c1fa2ca80169/hh_room_cafe.cct to /opt/git/v26_assets/projectorrays_lingo/hh_room_cafe.cst
== hh_room_chill.cct ==
Decompiled Macromedia Director MX 2004 (10.0#188) cast /home/alex/Downloads/r26_20080915_0408_7984_61ccb5f8b8797a3aba62c1fa2ca80169/hh_room_chill.cct to /opt/git/v26_assets/projectorrays_lingo/hh_room_chill.cst
== hh_room_cinema.cct ==
Decompiled Macromedia Director MX 2004 (10.0#188) cast /home/alex/Downloads/r26_20080915_0408_7984_61ccb5f8b8797a3aba62c1fa2ca80169/hh_room_cinema.cct to /opt/git/v26_assets/projectorrays_lingo/hh_room_cinema.cst
== hh_room_clubmammoth.cct ==
Decompiled Macromedia Director MX 2004 (10.0#188) cast /home/alex/Downloads/r26_20080915_0408_7984_61ccb5f8b8797a3aba62c1fa2ca80169/hh_room_clubmammoth.cct to /opt/git/v26_assets/projectorrays_lingo/hh_room_clubmammoth.cst
== hh_room_den.cct ==
Decompiled Macromedia Director MX 2004 (10.0#188) cast /home/alex/Downloads/r26_20080915_0408_7984_61ccb5f8b8797a3aba62c1fa2ca80169/hh_room_den.cct to /opt/git/v26_assets/projectorrays_lingo/hh_room_den.cst
== hh_room_disco.cct ==
Decompiled Macromedia Director MX 2004 (10.0#188) cast /home/alex/Downloads/r26_20080915_0408_7984_61ccb5f8b8797a3aba62c1fa2ca80169/hh_room_disco.cct to /opt/git/v26_assets/projectorrays_lingo/hh_room_disco.cst
== hh_room_dustylounge.cct ==
Decompiled Macromedia Director MX 2004 (10.0#188) cast /home/alex/Downloads/r26_20080915_0408_7984_61ccb5f8b8797a3aba62c1fa2ca80169/hh_room_dustylounge.cct to /opt/git/v26_assets/projectorrays_lingo/hh_room_dustylounge.cst
== hh_room_emperors.cct ==
Decompiled Macromedia Director MX 2004 (10.0#188) cast /home/alex/Downloads/r26_20080915_0408_7984_61ccb5f8b8797a3aba62c1fa2ca80169/hh_room_emperors.cct to /opt/git/v26_assets/projectorrays_lingo/hh_room_emperors.cst
== hh_room_erics.cct ==
Decompiled Macromedia Director MX 2004 (10.0#188) cast /home/alex/Downloads/r26_20080915_0408_7984_61ccb5f8b8797a3aba62c1fa2ca80169/hh_room_erics.cct to /opt/git/v26_assets/projectorrays_lingo/hh_room_erics.cst
== hh_room_floatinggarden.cct ==
Decompiled Macromedia Director MX 2004 (10.0#188) cast /home/alex/Downloads/r26_20080915_0408_7984_61ccb5f8b8797a3aba62c1fa2ca80169/hh_room_floatinggarden.cct to /opt/git/v26_assets/projectorrays_lingo/hh_room_floatinggarden.cst
== hh_room_floorlobbies.cct ==
Decompiled Macromedia Director MX 2004 (10.0#188) cast /home/alex/Downloads/r26_20080915_0408_7984_61ccb5f8b8797a3aba62c1fa2ca80169/hh_room_floorlobbies.cct to /opt/git/v26_assets/projectorrays_lingo/hh_room_floorlobbies.cst
== hh_room_gamehall.cct ==
Decompiled Macromedia Director MX 2004 (10.0#188) cast /home/alex/Downloads/r26_20080915_0408_7984_61ccb5f8b8797a3aba62c1fa2ca80169/hh_room_gamehall.cct to /opt/git/v26_assets/projectorrays_lingo/hh_room_gamehall.cst
== hh_room_gate_park.cct ==
Decompiled Macromedia Director MX 2004 (10.0#188) cast /home/alex/Downloads/r26_20080915_0408_7984_61ccb5f8b8797a3aba62c1fa2ca80169/hh_room_gate_park.cct to /opt/git/v26_assets/projectorrays_lingo/hh_room_gate_park.cst
== hh_room_gold.cct ==
Decompiled Macromedia Director MX 2004 (10.0#188) cast /home/alex/Downloads/r26_20080915_0408_7984_61ccb5f8b8797a3aba62c1fa2ca80169/hh_room_gold.cct to /opt/git/v26_assets/projectorrays_lingo/hh_room_gold.cst
== hh_room_habburger.cct ==
Decompiled Macromedia Director MX 2004 (10.0#188) cast /home/alex/Downloads/r26_20080915_0408_7984_61ccb5f8b8797a3aba62c1fa2ca80169/hh_room_habburger.cct to /opt/git/v26_assets/projectorrays_lingo/hh_room_habburger.cst
== hh_room_habburger_hw08.cct ==
Decompiled Macromedia Director MX 2004 (10.0#188) cast /home/alex/Downloads/r26_20080915_0408_7984_61ccb5f8b8797a3aba62c1fa2ca80169/hh_room_habburger_hw08.cct to /opt/git/v26_assets/projectorrays_lingo/hh_room_habburger_hw08.cst
== hh_room_habburger_king.cct ==
Decompiled Macromedia Director MX 2004 (10.0#188) cast /home/alex/Downloads/r26_20080915_0408_7984_61ccb5f8b8797a3aba62c1fa2ca80169/hh_room_habburger_king.cct to /opt/git/v26_assets/projectorrays_lingo/hh_room_habburger_king.cst
== hh_room_hallway.cct ==
Decompiled Macromedia Director MX 2004 (10.0#188) cast /home/alex/Downloads/r26_20080915_0408_7984_61ccb5f8b8797a3aba62c1fa2ca80169/hh_room_hallway.cct to /opt/git/v26_assets/projectorrays_lingo/hh_room_hallway.cst
== hh_room_icecafe.cct ==
Decompiled Macromedia Director MX 2004 (10.0#188) cast /home/alex/Downloads/r26_20080915_0408_7984_61ccb5f8b8797a3aba62c1fa2ca80169/hh_room_icecafe.cct to /opt/git/v26_assets/projectorrays_lingo/hh_room_icecafe.cst
== hh_room_icecafe_joepie.cct ==
Decompiled Macromedia Director MX 2004 (10.0#188) cast /home/alex/Downloads/r26_20080915_0408_7984_61ccb5f8b8797a3aba62c1fa2ca80169/hh_room_icecafe_joepie.cct to /opt/git/v26_assets/projectorrays_lingo/hh_room_icecafe_joepie.cst
== hh_room_kitchen.cct ==
Decompiled Macromedia Director MX 2004 (10.0#188) cast /home/alex/Downloads/r26_20080915_0408_7984_61ccb5f8b8797a3aba62c1fa2ca80169/hh_room_kitchen.cct to /opt/git/v26_assets/projectorrays_lingo/hh_room_kitchen.cst
== hh_room_landscapes.cct ==
Decompiled Macromedia Director MX 2004 (10.0#188) cast /home/alex/Downloads/r26_20080915_0408_7984_61ccb5f8b8797a3aba62c1fa2ca80169/hh_room_landscapes.cct to /opt/git/v26_assets/projectorrays_lingo/hh_room_landscapes.cst
== hh_room_library.cct ==
Decompiled Macromedia Director MX 2004 (10.0#188) cast /home/alex/Downloads/r26_20080915_0408_7984_61ccb5f8b8797a3aba62c1fa2ca80169/hh_room_library.cct to /opt/git/v26_assets/projectorrays_lingo/hh_room_library.cst
== hh_room_library_hw08.cct ==
Decompiled Macromedia Director MX 2004 (10.0#188) cast /home/alex/Downloads/r26_20080915_0408_7984_61ccb5f8b8797a3aba62c1fa2ca80169/hh_room_library_hw08.cct to /opt/git/v26_assets/projectorrays_lingo/hh_room_library_hw08.cst
== hh_room_library_twr_trr.cct ==
Decompiled Macromedia Director MX 2004 (10.0#188) cast /home/alex/Downloads/r26_20080915_0408_7984_61ccb5f8b8797a3aba62c1fa2ca80169/hh_room_library_twr_trr.cct to /opt/git/v26_assets/projectorrays_lingo/hh_room_library_twr_trr.cst
== hh_room_lobby.cct ==
Decompiled Macromedia Director MX 2004 (10.0#188) cast /home/alex/Downloads/r26_20080915_0408_7984_61ccb5f8b8797a3aba62c1fa2ca80169/hh_room_lobby.cct to /opt/git/v26_assets/projectorrays_lingo/hh_room_lobby.cst
== hh_room_netcafe.cct ==
Decompiled Macromedia Director MX 2004 (10.0#188) cast /home/alex/Downloads/r26_20080915_0408_7984_61ccb5f8b8797a3aba62c1fa2ca80169/hh_room_netcafe.cct to /opt/git/v26_assets/projectorrays_lingo/hh_room_netcafe.cst
== hh_room_nlobby.cct ==
Decompiled Macromedia Director MX 2004 (10.0#188) cast /home/alex/Downloads/r26_20080915_0408_7984_61ccb5f8b8797a3aba62c1fa2ca80169/hh_room_nlobby.cct to /opt/git/v26_assets/projectorrays_lingo/hh_room_nlobby.cst
== hh_room_old_skool.cct ==
Decompiled Macromedia Director MX 2004 (10.0#188) cast /home/alex/Downloads/r26_20080915_0408_7984_61ccb5f8b8797a3aba62c1fa2ca80169/hh_room_old_skool.cct to /opt/git/v26_assets/projectorrays_lingo/hh_room_old_skool.cst
== hh_room_orient.cct ==
Decompiled Macromedia Director MX 2004 (10.0#188) cast /home/alex/Downloads/r26_20080915_0408_7984_61ccb5f8b8797a3aba62c1fa2ca80169/hh_room_orient.cct to /opt/git/v26_assets/projectorrays_lingo/hh_room_orient.cst
== hh_room_orient_hw08.cct ==
Decompiled Macromedia Director MX 2004 (10.0#188) cast /home/alex/Downloads/r26_20080915_0408_7984_61ccb5f8b8797a3aba62c1fa2ca80169/hh_room_orient_hw08.cct to /opt/git/v26_assets/projectorrays_lingo/hh_room_orient_hw08.cst
== hh_room_orient_orange.cct ==
Decompiled Macromedia Director MX 2004 (10.0#188) cast /home/alex/Downloads/r26_20080915_0408_7984_61ccb5f8b8797a3aba62c1fa2ca80169/hh_room_orient_orange.cct to /opt/git/v26_assets/projectorrays_lingo/hh_room_orient_orange.cst
== hh_room_park.cct ==
Decompiled Macromedia Director MX 2004 (10.0#188) cast /home/alex/Downloads/r26_20080915_0408_7984_61ccb5f8b8797a3aba62c1fa2ca80169/hh_room_park.cct to /opt/git/v26_assets/projectorrays_lingo/hh_room_park.cst
== hh_room_park_au.cct ==
Decompiled Macromedia Director MX 2004 (10.0#188) cast /home/alex/Downloads/r26_20080915_0408_7984_61ccb5f8b8797a3aba62c1fa2ca80169/hh_room_park_au.cct to /opt/git/v26_assets/projectorrays_lingo/hh_room_park_au.cst
== hh_room_park_ca.cct ==
Decompiled Macromedia Director MX 2004 (10.0#188) cast /home/alex/Downloads/r26_20080915_0408_7984_61ccb5f8b8797a3aba62c1fa2ca80169/hh_room_park_ca.cct to /opt/git/v26_assets/projectorrays_lingo/hh_room_park_ca.cst
== hh_room_park_ch.cct ==
Decompiled Macromedia Director MX 2004 (10.0#188) cast /home/alex/Downloads/r26_20080915_0408_7984_61ccb5f8b8797a3aba62c1fa2ca80169/hh_room_park_ch.cct to /opt/git/v26_assets/projectorrays_lingo/hh_room_park_ch.cst
== hh_room_park_de.cct ==
Decompiled Macromedia Director MX 2004 (10.0#188) cast /home/alex/Downloads/r26_20080915_0408_7984_61ccb5f8b8797a3aba62c1fa2ca80169/hh_room_park_de.cct to /opt/git/v26_assets/projectorrays_lingo/hh_room_park_de.cst
== hh_room_park_es.cct ==
Decompiled Macromedia Director MX 2004 (10.0#188) cast /home/alex/Downloads/r26_20080915_0408_7984_61ccb5f8b8797a3aba62c1fa2ca80169/hh_room_park_es.cct to /opt/git/v26_assets/projectorrays_lingo/hh_room_park_es.cst
== hh_room_park_fi.cct ==
Decompiled Macromedia Director MX 2004 (10.0#188) cast /home/alex/Downloads/r26_20080915_0408_7984_61ccb5f8b8797a3aba62c1fa2ca80169/hh_room_park_fi.cct to /opt/git/v26_assets/projectorrays_lingo/hh_room_park_fi.cst
== hh_room_park_fr.cct ==
Decompiled Macromedia Director MX 2004 (10.0#188) cast /home/alex/Downloads/r26_20080915_0408_7984_61ccb5f8b8797a3aba62c1fa2ca80169/hh_room_park_fr.cct to /opt/git/v26_assets/projectorrays_lingo/hh_room_park_fr.cst
== hh_room_park_general.cct ==
Decompiled Macromedia Director MX 2004 (10.0#188) cast /home/alex/Downloads/r26_20080915_0408_7984_61ccb5f8b8797a3aba62c1fa2ca80169/hh_room_park_general.cct to /opt/git/v26_assets/projectorrays_lingo/hh_room_park_general.cst
== hh_room_park_it.cct ==
Decompiled Macromedia Director MX 2004 (10.0#188) cast /home/alex/Downloads/r26_20080915_0408_7984_61ccb5f8b8797a3aba62c1fa2ca80169/hh_room_park_it.cct to /opt/git/v26_assets/projectorrays_lingo/hh_room_park_it.cst
== hh_room_park_no.cct ==
Decompiled Macromedia Director MX 2004 (10.0#188) cast /home/alex/Downloads/r26_20080915_0408_7984_61ccb5f8b8797a3aba62c1fa2ca80169/hh_room_park_no.cct to /opt/git/v26_assets/projectorrays_lingo/hh_room_park_no.cst
== hh_room_park_se.cct ==
Decompiled Macromedia Director MX 2004 (10.0#188) cast /home/alex/Downloads/r26_20080915_0408_7984_61ccb5f8b8797a3aba62c1fa2ca80169/hh_room_park_se.cct to /opt/git/v26_assets/projectorrays_lingo/hh_room_park_se.cst
== hh_room_park_uk.cct ==
Decompiled Macromedia Director MX 2004 (10.0#188) cast /home/alex/Downloads/r26_20080915_0408_7984_61ccb5f8b8797a3aba62c1fa2ca80169/hh_room_park_uk.cct to /opt/git/v26_assets/projectorrays_lingo/hh_room_park_uk.cst
== hh_room_picnic.cct ==
Decompiled Macromedia Director MX 2004 (10.0#188) cast /home/alex/Downloads/r26_20080915_0408_7984_61ccb5f8b8797a3aba62c1fa2ca80169/hh_room_picnic.cct to /opt/git/v26_assets/projectorrays_lingo/hh_room_picnic.cst
== hh_room_picnic_dudesons.cct ==
Decompiled Macromedia Director MX 2004 (10.0#188) cast /home/alex/Downloads/r26_20080915_0408_7984_61ccb5f8b8797a3aba62c1fa2ca80169/hh_room_picnic_dudesons.cct to /opt/git/v26_assets/projectorrays_lingo/hh_room_picnic_dudesons.cst
== hh_room_pizza.cct ==
Decompiled Macromedia Director MX 2004 (10.0#188) cast /home/alex/Downloads/r26_20080915_0408_7984_61ccb5f8b8797a3aba62c1fa2ca80169/hh_room_pizza.cct to /opt/git/v26_assets/projectorrays_lingo/hh_room_pizza.cst
== hh_room_pizza_hw08.cct ==
Decompiled Macromedia Director MX 2004 (10.0#188) cast /home/alex/Downloads/r26_20080915_0408_7984_61ccb5f8b8797a3aba62c1fa2ca80169/hh_room_pizza_hw08.cct to /opt/git/v26_assets/projectorrays_lingo/hh_room_pizza_hw08.cst
== hh_room_pool.cct ==
Decompiled Macromedia Director MX 2004 (10.0#188) cast /home/alex/Downloads/r26_20080915_0408_7984_61ccb5f8b8797a3aba62c1fa2ca80169/hh_room_pool.cct to /opt/git/v26_assets/projectorrays_lingo/hh_room_pool.cst
== hh_room_pool_calippo.cct ==
Decompiled Macromedia Director MX 2004 (10.0#188) cast /home/alex/Downloads/r26_20080915_0408_7984_61ccb5f8b8797a3aba62c1fa2ca80169/hh_room_pool_calippo.cct to /opt/git/v26_assets/projectorrays_lingo/hh_room_pool_calippo.cst
== hh_room_pool_coke2.cct ==
terminate called after throwing an instance of 'std::runtime_error'
  what():  ReadStream::readUint32: Read past end of stream!
FAILED hh_room_pool_coke2.cct
== hh_room_private.cct ==
Decompiled Macromedia Director MX 2004 (10.0#188) cast /home/alex/Downloads/r26_20080915_0408_7984_61ccb5f8b8797a3aba62c1fa2ca80169/hh_room_private.cct to /opt/git/v26_assets/projectorrays_lingo/hh_room_private.cst
== hh_room_pub.cct ==
Decompiled Macromedia Director MX 2004 (10.0#188) cast /home/alex/Downloads/r26_20080915_0408_7984_61ccb5f8b8797a3aba62c1fa2ca80169/hh_room_pub.cct to /opt/git/v26_assets/projectorrays_lingo/hh_room_pub.cst
== hh_room_rooftop.cct ==
Decompiled Macromedia Director MX 2004 (10.0#188) cast /home/alex/Downloads/r26_20080915_0408_7984_61ccb5f8b8797a3aba62c1fa2ca80169/hh_room_rooftop.cct to /opt/git/v26_assets/projectorrays_lingo/hh_room_rooftop.cst
== hh_room_rooftop_hw08.cct ==
Decompiled Macromedia Director MX 2004 (10.0#188) cast /home/alex/Downloads/r26_20080915_0408_7984_61ccb5f8b8797a3aba62c1fa2ca80169/hh_room_rooftop_hw08.cct to /opt/git/v26_assets/projectorrays_lingo/hh_room_rooftop_hw08.cst
== hh_room_space_cafe.cct ==
Decompiled Macromedia Director MX 2004 (10.0#188) cast /home/alex/Downloads/r26_20080915_0408_7984_61ccb5f8b8797a3aba62c1fa2ca80169/hh_room_space_cafe.cct to /opt/git/v26_assets/projectorrays_lingo/hh_room_space_cafe.cst
== hh_room_sport.cct ==
Decompiled Macromedia Director MX 2004 (10.0#188) cast /home/alex/Downloads/r26_20080915_0408_7984_61ccb5f8b8797a3aba62c1fa2ca80169/hh_room_sport.cct to /opt/git/v26_assets/projectorrays_lingo/hh_room_sport.cst
== hh_room_starlounge.cct ==
Decompiled Macromedia Director MX 2004 (10.0#188) cast /home/alex/Downloads/r26_20080915_0408_7984_61ccb5f8b8797a3aba62c1fa2ca80169/hh_room_starlounge.cct to /opt/git/v26_assets/projectorrays_lingo/hh_room_starlounge.cst
== hh_room_sun_terrace.cct ==
Decompiled Macromedia Director MX 2004 (10.0#188) cast /home/alex/Downloads/r26_20080915_0408_7984_61ccb5f8b8797a3aba62c1fa2ca80169/hh_room_sun_terrace.cct to /opt/git/v26_assets/projectorrays_lingo/hh_room_sun_terrace.cst
== hh_room_sunsetcafe.cct ==
Decompiled Macromedia Director MX 2004 (10.0#188) cast /home/alex/Downloads/r26_20080915_0408_7984_61ccb5f8b8797a3aba62c1fa2ca80169/hh_room_sunsetcafe.cct to /opt/git/v26_assets/projectorrays_lingo/hh_room_sunsetcafe.cst
== hh_room_tearoom.cct ==
Decompiled Macromedia Director MX 2004 (10.0#188) cast /home/alex/Downloads/r26_20080915_0408_7984_61ccb5f8b8797a3aba62c1fa2ca80169/hh_room_tearoom.cct to /opt/git/v26_assets/projectorrays_lingo/hh_room_tearoom.cst
== hh_room_terrace.cct ==
Decompiled Macromedia Director MX 2004 (10.0#188) cast /home/alex/Downloads/r26_20080915_0408_7984_61ccb5f8b8797a3aba62c1fa2ca80169/hh_room_terrace.cct to /opt/git/v26_assets/projectorrays_lingo/hh_room_terrace.cst
== hh_room_theater.cct ==
Decompiled Macromedia Director MX 2004 (10.0#188) cast /home/alex/Downloads/r26_20080915_0408_7984_61ccb5f8b8797a3aba62c1fa2ca80169/hh_room_theater.cct to /opt/git/v26_assets/projectorrays_lingo/hh_room_theater.cst
== hh_room_theater_axe.cct ==
Decompiled Macromedia Director MX 2004 (10.0#188) cast /home/alex/Downloads/r26_20080915_0408_7984_61ccb5f8b8797a3aba62c1fa2ca80169/hh_room_theater_axe.cct to /opt/git/v26_assets/projectorrays_lingo/hh_room_theater_axe.cst
== hh_room_theater_deli.cct ==
Decompiled Macromedia Director MX 2004 (10.0#188) cast /home/alex/Downloads/r26_20080915_0408_7984_61ccb5f8b8797a3aba62c1fa2ca80169/hh_room_theater_deli.cct to /opt/git/v26_assets/projectorrays_lingo/hh_room_theater_deli.cst
== hh_room_theater_easter.cct ==
Decompiled Macromedia Director MX 2004 (10.0#188) cast /home/alex/Downloads/r26_20080915_0408_7984_61ccb5f8b8797a3aba62c1fa2ca80169/hh_room_theater_easter.cct to /opt/git/v26_assets/projectorrays_lingo/hh_room_theater_easter.cst
== hh_room_theater_halloween.cct ==
Decompiled Macromedia Director MX 2004 (10.0#188) cast /home/alex/Downloads/r26_20080915_0408_7984_61ccb5f8b8797a3aba62c1fa2ca80169/hh_room_theater_halloween.cct to /opt/git/v26_assets/projectorrays_lingo/hh_room_theater_halloween.cst
== hh_room_theater_hbowood.cct ==
Decompiled Macromedia Director MX 2004 (10.0#188) cast /home/alex/Downloads/r26_20080915_0408_7984_61ccb5f8b8797a3aba62c1fa2ca80169/hh_room_theater_hbowood.cct to /opt/git/v26_assets/projectorrays_lingo/hh_room_theater_hbowood.cst
== hh_room_theater_nouvelle.cct ==
Decompiled Macromedia Director MX 2004 (10.0#188) cast /home/alex/Downloads/r26_20080915_0408_7984_61ccb5f8b8797a3aba62c1fa2ca80169/hh_room_theater_nouvelle.cct to /opt/git/v26_assets/projectorrays_lingo/hh_room_theater_nouvelle.cst
== hh_room_theater_samsung.cct ==
Decompiled Macromedia Director MX 2004 (10.0#188) cast /home/alex/Downloads/r26_20080915_0408_7984_61ccb5f8b8797a3aba62c1fa2ca80169/hh_room_theater_samsung.cct to /opt/git/v26_assets/projectorrays_lingo/hh_room_theater_samsung.cst
== hh_room_theater_valentine.cct ==
Decompiled Macromedia Director MX 2004 (10.0#188) cast /home/alex/Downloads/r26_20080915_0408_7984_61ccb5f8b8797a3aba62c1fa2ca80169/hh_room_theater_valentine.cct to /opt/git/v26_assets/projectorrays_lingo/hh_room_theater_valentine.cst
== hh_room_theater_xmas.cct ==
Decompiled Macromedia Director MX 2004 (10.0#188) cast /home/alex/Downloads/r26_20080915_0408_7984_61ccb5f8b8797a3aba62c1fa2ca80169/hh_room_theater_xmas.cct to /opt/git/v26_assets/projectorrays_lingo/hh_room_theater_xmas.cst
== hh_room_tv_studio.cct ==
Decompiled Macromedia Director MX 2004 (10.0#188) cast /home/alex/Downloads/r26_20080915_0408_7984_61ccb5f8b8797a3aba62c1fa2ca80169/hh_room_tv_studio.cct to /opt/git/v26_assets/projectorrays_lingo/hh_room_tv_studio.cst
== hh_room_tv_studio_general.cct ==
Decompiled Macromedia Director MX 2004 (10.0#188) cast /home/alex/Downloads/r26_20080915_0408_7984_61ccb5f8b8797a3aba62c1fa2ca80169/hh_room_tv_studio_general.cct to /opt/git/v26_assets/projectorrays_lingo/hh_room_tv_studio_general.cst
== hh_room_tv_studio_m6.cct ==
Decompiled Macromedia Director MX 2004 (10.0#188) cast /home/alex/Downloads/r26_20080915_0408_7984_61ccb5f8b8797a3aba62c1fa2ca80169/hh_room_tv_studio_m6.cct to /opt/git/v26_assets/projectorrays_lingo/hh_room_tv_studio_m6.cst
== hh_room_tv_studio_thebox.cct ==
Decompiled Macromedia Director MX 2004 (10.0#188) cast /home/alex/Downloads/r26_20080915_0408_7984_61ccb5f8b8797a3aba62c1fa2ca80169/hh_room_tv_studio_thebox.cct to /opt/git/v26_assets/projectorrays_lingo/hh_room_tv_studio_thebox.cst
== hh_room_tv_studio_viva.cct ==
Decompiled Macromedia Director MX 2004 (10.0#188) cast /home/alex/Downloads/r26_20080915_0408_7984_61ccb5f8b8797a3aba62c1fa2ca80169/hh_room_tv_studio_viva.cct to /opt/git/v26_assets/projectorrays_lingo/hh_room_tv_studio_viva.cst
== hh_room_ui.cct ==
Decompiled Macromedia Director MX 2004 (10.0#188) cast /home/alex/Downloads/r26_20080915_0408_7984_61ccb5f8b8797a3aba62c1fa2ca80169/hh_room_ui.cct to /opt/git/v26_assets/projectorrays_lingo/hh_room_ui.cst
== hh_room_utils.cct ==
Decompiled Macromedia Director MX 2004 (10.0#188) cast /home/alex/Downloads/r26_20080915_0408_7984_61ccb5f8b8797a3aba62c1fa2ca80169/hh_room_utils.cct to /opt/git/v26_assets/projectorrays_lingo/hh_room_utils.cst
== hh_roomdimmer.cct ==
Decompiled Macromedia Director MX 2004 (10.0#188) cast /home/alex/Downloads/r26_20080915_0408_7984_61ccb5f8b8797a3aba62c1fa2ca80169/hh_roomdimmer.cct to /opt/git/v26_assets/projectorrays_lingo/hh_roomdimmer.cst
== hh_shared.cct ==
Decompiled Macromedia Director MX 2004 (10.0#188) cast /home/alex/Downloads/r26_20080915_0408_7984_61ccb5f8b8797a3aba62c1fa2ca80169/hh_shared.cct to /opt/git/v26_assets/projectorrays_lingo/hh_shared.cst
== hh_soundmachine.cct ==
Decompiled Macromedia Director MX 2004 (10.0#188) cast /home/alex/Downloads/r26_20080915_0408_7984_61ccb5f8b8797a3aba62c1fa2ca80169/hh_soundmachine.cct to /opt/git/v26_assets/projectorrays_lingo/hh_soundmachine.cst
== hh_tutorial.cct ==
Decompiled Macromedia Director MX 2004 (10.0#188) cast /home/alex/Downloads/r26_20080915_0408_7984_61ccb5f8b8797a3aba62c1fa2ca80169/hh_tutorial.cct to /opt/git/v26_assets/projectorrays_lingo/hh_tutorial.cst
